1643303924135	geckodriver	INFO	Listening on 127.0.0.1:50627
1643303927237	mozrunner::runner	INFO	Running command: "C:\\Program Files\\Mozilla Firefox\\firefox.exe" "--marionette" "--remote-debugging-port" "50628" "-no-remote" "-profile" "C:\\Users\\luchi\\AppData\\Local\\Temp\\rust_mozprofileZtVnq5"
1643303927869	Marionette	INFO	Marionette enabled
console.warn: SearchSettings: "get: No settings file exists, new profile?" (new NotFoundError("Could not open the file at C:\\Users\\luchi\\AppData\\Local\\Temp\\rust_mozprofileZtVnq5\\search.json.mozlz4", (void 0)))
DevTools listening on ws://localhost:50628/devtools/browser/3da828cb-cb52-4025-bc93-72c094f28a02
1643303930853	Marionette	INFO	Listening on port 50633
1643303930962	RemoteAgent	WARN	TLS certificate errors will be ignored for this session
JavaScript error: resource://gre/modules/AsyncShutdown.jsm, line 575: NotFoundError: No such JSWindowActor 'DevToolsFrame'
1643304486569	Marionette	INFO	Stopped listening on port 50633
console.warn: TopSitesFeed: Failed to fetch data from Contile server: NetworkError when attempting to fetch resource.

###!!! [Parent][RunMessage] Error: Channel closing: too late to send/recv, messages will be lost

ts, new profile?" (new NotFoundError("Could not open the file at C:\\Users\\luchi\\AppData\\Local\\Temp\\rust_mozprofileAIsKs2\\search.json.mozlz4", (void 0)))
DevTools listening on ws://localhost:58451/devtools/browser/15c36efe-9e99-4d1d-a225-60fc6e65865f
1643304073888	Marionette	INFO	Listening on port 58456
1643304074109	RemoteAgent	WARN	TLS certificate errors will be ignored for this session
1643304488120	Marionette	INFO	Stopped listening on port 58456
console.warn: TopSitesFeed: Failed to fetch data from Contile server: NetworkError when attempting to fetch resource.
remote-debugging-port" "49268" "-no-remote" "-profile" "C:\\Users\\luchi\\AppData\\Local\\Temp\\rust_mozprofileoeNjP9"
1643304232160	Marionette	INFO	Marionette enabled
console.warn: SearchSettings: "get: No settings file exists, new profile?" (new NotFoundError("Could not open the file at C:\\Users\\luchi\\AppData\\Local\\Temp\\rust_mozprofileoeNjP9\\search.json.mozlz4", (void 0)))
DevTools listening on ws://localhost:49268/devtools/browser/0259e051-d3a7-49f6-841c-3692bc394bbc
1643304235169	Marionette	INFO	Listening on port 49275
1643304235496	RemoteAgent	WARN	TLS certificate errors will be ignored for this session
1643304246141	Marionette	INFO	Stopped listening on port 49275

###!!! [Parent][RunMessage] Error: Channel closing: too late to send/recv, messages will be lost

1643304469957	geckodriver	INFO	Listening on 127.0.0.1:63750
1643304473028	mozrunner::runner	INFO	Running command: "C:\\Program Files\\Mozilla Firefox\\firefox.exe" "--marionette" "--remote-debugging-port" "63751" "-no-remote" "-profile" "C:\\Users\\luchi\\AppData\\Local\\Temp\\rust_mozprofileeG15F0"
1643304473407	Marionette	INFO	Marionette enabled
console.warn: SearchSettings: "get: No settings file exists, new profile?" (new NotFoundError("Could not open the file at C:\\Users\\luchi\\AppData\\Local\\Temp\\rust_mozprofileeG15F0\\search.json.mozlz4", (void 0)))
DevTools listening on ws://localhost:63751/devtools/browser/ac817b5f-22e8-4362-a026-a3924fec0151
1643304476110	Marionette	INFO	Listening on port 63758
1643304476242	RemoteAgent	WARN	TLS certificate errors will be ignored for this session
1643304482683	Marionette	INFO	Stopped listening on port 63758

###!!! [Child][MessageChannel] Error: (msgtype=0x5A0008,name=PHttpChannel::Msg_DeletingChannel) Channel closing: too late to send/recv, messages will be lost


###!!! [Child][RunMessage] Error: Channel closing: too late to send/recv, messages will be lost

1643304715622	geckodriver	INFO	Listening on 127.0.0.1:53914
1643304718692	mozrunner::runner	INFO	Running command: "C:\\Program Files\\Mozilla Firefox\\firefox.exe" "--marionette" "--remote-debugging-port" "53915" "-no-remote" "-profile" "C:\\Users\\luchi\\AppData\\Local\\Temp\\rust_mozprofilellxv5F"
1643304719168	Marionette	INFO	Marionette enabled
console.warn: SearchSettings: "get: No settings file exists, new profile?" (new NotFoundError("Could not open the file at C:\\Users\\luchi\\AppData\\Local\\Temp\\rust_mozprofilellxv5F\\search.json.mozlz4", (void 0)))
DevTools listening on ws://localhost:53915/devtools/browser/ffce8fac-1e07-452d-8a57-320658b26e92
1643304722018	Marionette	INFO	Listening on port 53922
1643304722424	RemoteAgent	WARN	TLS certificate errors will be ignored for this session
1643304730772	Marionette	INFO	Stopped listening on port 53922

###!!! [Child][MessageChannel] Error: (msgtype=0x5A0008,name=PHttpChannel::Msg_DeletingChannel) Channel closing: too late to send/recv, messages will be lost

1643304873448	geckodriver	INFO	Listening on 127.0.0.1:59536
1643304876532	mozrunner::runner	INFO	Running command: "C:\\Program Files\\Mozilla Firefox\\firefox.exe" "--marionette" "--remote-debugging-port" "59537" "-no-remote" "-profile" "C:\\Users\\luchi\\AppData\\Local\\Temp\\rust_mozprofileyXofZZ"
1643304877176	Marionette	INFO	Marionette enabled
console.warn: SearchSettings: "get: No settings file exists, new profile?" (new NotFoundError("Could not open the file at C:\\Users\\luchi\\AppData\\Local\\Temp\\rust_mozprofileyXofZZ\\search.json.mozlz4", (void 0)))
DevTools listening on ws://localhost:59537/devtools/browser/76f883cb-d08b-4271-b3f9-79a73b1a4763
1643304880169	Marionette	INFO	Listening on port 59547
1643304880237	RemoteAgent	WARN	TLS certificate errors will be ignored for this session
1643304888157	Marionette	INFO	Stopped listening on port 59547

###!!! [Child][RunMessage] Error: Channel closing: too late to send/recv, messages will be lost


###!!! [Parent][RunMessage] Error: Channel closing: too late to send/recv, messages will be lost

1643305413153	geckodriver	INFO	Listening on 127.0.0.1:50761
1643305416259	mozrunner::runner	INFO	Running command: "C:\\Program Files\\Mozilla Firefox\\firefox.exe" "--marionette" "--remote-debugging-port" "50762" "-no-remote" "-profile" "C:\\Users\\luchi\\AppData\\Local\\Temp\\rust_mozprofilekwIlkJ"
1643305416628	Marionette	INFO	Marionette enabled
console.warn: SearchSettings: "get: No settings file exists, new profile?" (new NotFoundError("Could not open the file at C:\\Users\\luchi\\AppData\\Local\\Temp\\rust_mozprofilekwIlkJ\\search.json.mozlz4", (void 0)))
DevTools listening on ws://localhost:50762/devtools/browser/a3159b35-a3b1-4afe-b812-d8fdf4d237ac
1643305419138	Marionette	INFO	Listening on port 50770
1643305419454	RemoteAgent	WARN	TLS certificate errors will be ignored for this session
1643305427556	Marionette	INFO	Stopped listening on port 50770

###!!! [Parent][RunMessage] Error: Channel closing: too late to send/recv, messages will be lost

1643305473148	geckodriver	INFO	Listening on 127.0.0.1:50893
1643305476249	mozrunner::runner	INFO	Running command: "C:\\Program Files\\Mozilla Firefox\\firefox.exe" "--marionette" "--remote-debugging-port" "50894" "-no-remote" "-profile" "C:\\Users\\luchi\\AppData\\Local\\Temp\\rust_mozprofilev0J0Zr"
1643305476685	Marionette	INFO	Marionette enabled
console.warn: SearchSettings: "get: No settings file exists, new profile?" (new NotFoundError("Could not open the file at C:\\Users\\luchi\\AppData\\Local\\Temp\\rust_mozprofilev0J0Zr\\search.json.mozlz4", (void 0)))
DevTools listening on ws://localhost:50894/devtools/browser/5fdb9d3f-3371-4a78-9e5a-b13c09437963
1643305479340	Marionette	INFO	Listening on port 50902
1643305479466	RemoteAgent	WARN	TLS certificate errors will be ignored for this session
1643305485927	Marionette	INFO	Stopped listening on port 50902

###!!! [Child][MessageChannel] Error: (msgtype=0x5A000B,name=PHttpChannel::Msg___delete__) Channel closing: too late to send/recv, messages will be lost


###!!! [Child][MessageChannel] Error: (msgtype=0x6B0023,name=PNecko::Msg_RemoveRequestContext) Channel closing: too late to send/recv, messages will be lost


###!!! [Parent][RunMessage] Error: Channel closing: too late to send/recv, messages will be lost

1643305612479	geckodriver	INFO	Listening on 127.0.0.1:61892
1643305615576	mozrunner::runner	INFO	Running command: "C:\\Program Files\\Mozilla Firefox\\firefox.exe" "--marionette" "--remote-debugging-port" "61893" "-no-remote" "-profile" "C:\\Users\\luchi\\AppData\\Local\\Temp\\rust_mozprofile2PYFRJ"
1643305616010	Marionette	INFO	Marionette enabled
console.warn: SearchSettings: "get: No settings file exists, new profile?" (new NotFoundError("Could not open the file at C:\\Users\\luchi\\AppData\\Local\\Temp\\rust_mozprofile2PYFRJ\\search.json.mozlz4", (void 0)))
DevTools listening on ws://localhost:61893/devtools/browser/5b017812-4350-4f68-b831-92b8e60efe12
1643305618560	Marionette	INFO	Listening on port 61902
1643305618791	RemoteAgent	WARN	TLS certificate errors will be ignored for this session
1643305627015	Marionette	INFO	Stopped listening on port 61902
1643448237184	geckodriver	INFO	Listening on 127.0.0.1:55629
1643448240233	mozrunner::runner	INFO	Running command: "C:\\Program Files\\Mozilla Firefox\\firefox.exe" "--marionette" "--remote-debugging-port" "55630" "-no-remote" "-profile" "C:\\Users\\luchi\\AppData\\Local\\Temp\\rust_mozprofileHLerM9"
1643448240932	Marionette	INFO	Marionette enabled
console.warn: SearchSettings: "get: No settings file exists, new profile?" (new NotFoundError("Could not open the file at C:\\Users\\luchi\\AppData\\Local\\Temp\\rust_mozprofileHLerM9\\search.json.mozlz4", (void 0)))
DevTools listening on ws://localhost:55630/devtools/browser/d232be52-0768-43e2-8612-ec2b575c8be2
1643448244011	Marionette	INFO	Listening on port 55635
1643448244447	RemoteAgent	WARN	TLS certificate errors will be ignored for this session
1643448252933	Marionette	INFO	Stopped listening on port 55635

###!!! [Parent][RunMessage] Error: Channel closing: too late to send/recv, messages will be lost

1643448326488	geckodriver	INFO	Listening on 127.0.0.1:53946
1643448329583	mozrunner::runner	INFO	Running command: "C:\\Program Files\\Mozilla Firefox\\firefox.exe" "--marionette" "--remote-debugging-port" "53947" "-no-remote" "-profile" "C:\\Users\\luchi\\AppData\\Local\\Temp\\rust_mozprofilebOiBG2"
1643448329999	Marionette	INFO	Marionette enabled
console.warn: SearchSettings: "get: No settings file exists, new profile?" (new NotFoundError("Could not open the file at C:\\Users\\luchi\\AppData\\Local\\Temp\\rust_mozprofilebOiBG2\\search.json.mozlz4", (void 0)))
DevTools listening on ws://localhost:53947/devtools/browser/cff725ea-fc8f-423c-a56f-c0743200cc20
1643448333065	Marionette	INFO	Listening on port 53952
1643448333333	RemoteAgent	WARN	TLS certificate errors will be ignored for this session
1643448340486	Marionette	INFO	Stopped listening on port 53952

###!!! [Parent][RunMessage] Error: Channel error: cannot send/recv


###!!! [Parent][RunMessage] Error: Channel error: cannot send/recv


###!!! [Parent][RunMessage] Error: Channel error: cannot send/recv


###!!! [Parent][RunMessage] Error: Channel error: cannot send/recv


###!!! [Parent][RunMessage] Error: Channel error: cannot send/recv


###!!! [Parent][RunMessage] Error: Channel error: cannot send/recv


###!!! [Parent][RunMessage] Error: Channel error: cannot send/recv


###!!! [Parent][RunMessage] Error: Channel error: cannot send/recv


###!!! [Parent][RunMessage] Error: Channel error: cannot send/recv


###!!! [Parent][RunMessage] Error: Channel error: cannot send/recv


###!!! [Parent][RunMessage] Error: Channel error: cannot send/recv


###!!! [Parent][RunMessage] Error: Channel error: cannot send/recv


###!!! [Parent][RunMessage] Error: Channel error: cannot send/recv


###!!! [Parent][RunMessage] Error: Channel error: cannot send/recv


###!!! [Parent][RunMessage] Error: Channel error: cannot send/recv


###!!! [Parent][RunMessage] Error: Channel error: cannot send/recv


###!!! [Parent][RunMessage] Error: Channel error: cannot send/recv


###!!! [Parent][RunMessage] Error: Channel error: cannot send/recv


###!!! [Parent][RunMessage] Error: Channel error: cannot send/recv


###!!! [Parent][RunMessage] Error: Channel error: cannot send/recv


###!!! [Parent][RunMessage] Error: Channel error: cannot send/recv


###!!! [Parent][RunMessage] Error: Channel error: cannot send/recv


###!!! [Parent][RunMessage] Error: Channel error: cannot send/recv


###!!! [Parent][RunMessage] Error: Channel error: cannot send/recv


###!!! [Parent][RunMessage] Error: Channel error: cannot send/recv


###!!! [Parent][RunMessage] Error: Channel error: cannot send/recv


###!!! [Parent][RunMessage] Error: Channel error: cannot send/recv


###!!! [Parent][RunMessage] Error: Channel error: cannot send/recv


###!!! [Parent][RunMessage] Error: Channel error: cannot send/recv


###!!! [Parent][RunMessage] Error: Channel error: cannot send/recv


###!!! [Parent][RunMessage] Error: Channel closing: too late to send/recv, messages will be lost

1643448375049	geckodriver	INFO	Listening on 127.0.0.1:52036
1643448378119	mozrunner::runner	INFO	Running command: "C:\\Program Files\\Mozilla Firefox\\firefox.exe" "--marionette" "--remote-debugging-port" "52037" "-no-remote" "-profile" "C:\\Users\\luchi\\AppData\\Local\\Temp\\rust_mozprofilePQmeWt"
1643448378559	Marionette	INFO	Marionette enabled
console.warn: SearchSettings: "get: No settings file exists, new profile?" (new NotFoundError("Could not open the file at C:\\Users\\luchi\\AppData\\Local\\Temp\\rust_mozprofilePQmeWt\\search.json.mozlz4", (void 0)))
DevTools listening on ws://localhost:52037/devtools/browser/82dd33cc-ea1f-4816-9ca4-dbe3db62546c
1643448381444	Marionette	INFO	Listening on port 52042
1643448381836	RemoteAgent	WARN	TLS certificate errors will be ignored for this session
1643448391446	Marionette	INFO	Stopped listening on port 52042

###!!! [Parent][RunMessage] Error: Channel error: cannot send/recv


###!!! [Parent][RunMessage] Error: Channel error: cannot send/recv


###!!! [Parent][RunMessage] Error: Channel error: cannot send/recv


###!!! [Parent][RunMessage] Error: Channel error: cannot send/recv


###!!! [Parent][RunMessage] Error: Channel error: cannot send/recv


###!!! [Parent][RunMessage] Error: Channel error: cannot send/recv


###!!! [Parent][RunMessage] Error: Channel error: cannot send/recv


###!!! [Parent][RunMessage] Error: Channel error: cannot send/recv


###!!! [Parent][RunMessage] Error: Channel error: cannot send/recv


###!!! [Parent][RunMessage] Error: Channel error: cannot send/recv


###!!! [Parent][RunMessage] Error: Channel error: cannot send/recv


###!!! [Parent][RunMessage] Error: Channel error: cannot send/recv


###!!! [Parent][RunMessage] Error: Channel error: cannot send/recv


###!!! [Parent][RunMessage] Error: Channel error: cannot send/recv


###!!! [Parent][RunMessage] Error: Channel error: cannot send/recv


###!!! [Parent][RunMessage] Error: Channel error: cannot send/recv


###!!! [Parent][RunMessage] Error: Channel error: cannot send/recv


###!!! [Parent][RunMessage] Error: Channel error: cannot send/recv


###!!! [Parent][RunMessage] Error: Channel error: cannot send/recv


###!!! [Parent][RunMessage] Error: Channel error: cannot send/recv


###!!! [Parent][RunMessage] Error: Channel closing: too late to send/recv, messages will be lost

1643448430603	geckodriver	INFO	Listening on 127.0.0.1:61198
1643448433691	mozrunner::runner	INFO	Running command: "C:\\Program Files\\Mozilla Firefox\\firefox.exe" "--marionette" "--remote-debugging-port" "61199" "-no-remote" "-profile" "C:\\Users\\luchi\\AppData\\Local\\Temp\\rust_mozprofilebvuHyw"
1643448434083	Marionette	INFO	Marionette enabled
console.warn: SearchSettings: "get: No settings file exists, new profile?" (new NotFoundError("Could not open the file at C:\\Users\\luchi\\AppData\\Local\\Temp\\rust_mozprofilebvuHyw\\search.json.mozlz4", (void 0)))
DevTools listening on ws://localhost:61199/devtools/browser/d4b5388f-697a-41be-8072-5cba225bfa0b
1643448436663	Marionette	INFO	Listening on port 61207
1643448436905	RemoteAgent	WARN	TLS certificate errors will be ignored for this session
1643448443310	Marionette	INFO	Stopped listening on port 61207
1643448509892	geckodriver	INFO	Listening on 127.0.0.1:53647
1643448512980	mozrunner::runner	INFO	Running command: "C:\\Program Files\\Mozilla Firefox\\firefox.exe" "--marionette" "--remote-debugging-port" "53648" "-no-remote" "-profile" "C:\\Users\\luchi\\AppData\\Local\\Temp\\rust_mozprofileRvYfTg"
1643448513364	Marionette	INFO	Marionette enabled
console.warn: SearchSettings: "get: No settings file exists, new profile?" (new NotFoundError("Could not open the file at C:\\Users\\luchi\\AppData\\Local\\Temp\\rust_mozprofileRvYfTg\\search.json.mozlz4", (void 0)))
DevTools listening on ws://localhost:53648/devtools/browser/211cae17-92db-4423-8450-83f50fe79be8
1643448516369	Marionette	INFO	Listening on port 53654
1643448516712	RemoteAgent	WARN	TLS certificate errors will be ignored for this session
1643448522568	Marionette	INFO	Stopped listening on port 53654

###!!! [Parent][RunMessage] Error: Channel closing: too late to send/recv, messages will be lost

1643448534729	geckodriver	INFO	Listening on 127.0.0.1:53669
1643448537827	mozrunner::runner	INFO	Running command: "C:\\Program Files\\Mozilla Firefox\\firefox.exe" "--marionette" "--remote-debugging-port" "53670" "-no-remote" "-profile" "C:\\Users\\luchi\\AppData\\Local\\Temp\\rust_mozprofileaoeBC8"
1643448538217	Marionette	INFO	Marionette enabled
console.warn: SearchSettings: "get: No settings file exists, new profile?" (new NotFoundError("Could not open the file at C:\\Users\\luchi\\AppData\\Local\\Temp\\rust_mozprofileaoeBC8\\search.json.mozlz4", (void 0)))
DevTools listening on ws://localhost:53670/devtools/browser/66d44163-b387-47bb-bea9-47e7190ec3da
1643448540795	Marionette	INFO	Listening on port 53689
1643448541053	RemoteAgent	WARN	TLS certificate errors will be ignored for this session
1643448547485	Marionette	INFO	Stopped listening on port 53689
JavaScript error: resource://gre/modules/UrlClassifierListManager.jsm, line 691: TypeError: this.tablesData[table] is undefined

###!!! [Parent][RunMessage] Error: Channel closing: too late to send/recv, messages will be lost

1643458007309	geckodriver	INFO	Listening on 127.0.0.1:57556
1643458010395	mozrunner::runner	INFO	Running command: "C:\\Program Files\\Mozilla Firefox\\firefox.exe" "--marionette" "--remote-debugging-port" "57557" "-no-remote" "-profile" "C:\\Users\\luchi\\AppData\\Local\\Temp\\rust_mozprofileiV7WGz"
1643458011659	Marionette	INFO	Marionette enabled
console.warn: SearchSettings: "get: No settings file exists, new profile?" (new NotFoundError("Could not open the file at C:\\Users\\luchi\\AppData\\Local\\Temp\\rust_mozprofileiV7WGz\\search.json.mozlz4", (void 0)))
DevTools listening on ws://localhost:57557/devtools/browser/7414feb6-2b59-47c8-a98c-394787b2a6c9
1643458016920	Marionette	INFO	Listening on port 57564
1643458017404	RemoteAgent	WARN	TLS certificate errors will be ignored for this session
1643458026897	Marionette	INFO	Stopped listening on port 57564

###!!! [Parent][MessageChannel] Error: (msgtype=0x3A007A,name=PContent::Msg_DestroyBrowsingContextGroup) Closed channel: cannot send/recv


###!!! [Parent][RunMessage] Error: Channel error: cannot send/recv


###!!! [Parent][RunMessage] Error: Channel error: cannot send/recv


###!!! [Parent][RunMessage] Error: Channel error: cannot send/recv


###!!! [Parent][RunMessage] Error: Channel error: cannot send/recv


###!!! [Parent][RunMessage] Error: Channel error: cannot send/recv


###!!! [Parent][RunMessage] Error: Channel error: cannot send/recv


###!!! [Parent][RunMessage] Error: Channel error: cannot send/recv


###!!! [Parent][RunMessage] Error: Channel error: cannot send/recv


###!!! [Parent][RunMessage] Error: Channel error: cannot send/recv


###!!! [Parent][RunMessage] Error: Channel error: cannot send/recv


###!!! [Parent][RunMessage] Error: Channel error: cannot send/recv


###!!! [Parent][RunMessage] Error: Channel error: cannot send/recv


###!!! [Parent][RunMessage] Error: Channel error: cannot send/recv


###!!! [Parent][RunMessage] Error: Channel error: cannot send/recv


###!!! [Parent][RunMessage] Error: Channel error: cannot send/recv


###!!! [Parent][RunMessage] Error: Channel error: cannot send/recv


###!!! [Parent][RunMessage] Error: Channel error: cannot send/recv


###!!! [Parent][RunMessage] Error: Channel error: cannot send/recv


###!!! [Parent][RunMessage] Error: Channel error: cannot send/recv


###!!! [Parent][RunMessage] Error: Channel error: cannot send/recv


###!!! [Parent][RunMessage] Error: Channel error: cannot send/recv


###!!! [Parent][RunMessage] Error: Channel error: cannot send/recv


###!!! [Parent][RunMessage] Error: Channel error: cannot send/recv


###!!! [Parent][RunMessage] Error: Channel error: cannot send/recv


###!!! [Parent][RunMessage] Error: Channel error: cannot send/recv


###!!! [Parent][RunMessage] Error: Channel error: cannot send/recv


###!!! [Parent][RunMessage] Error: Channel error: cannot send/recv


###!!! [Parent][RunMessage] Error: Channel error: cannot send/recv


###!!! [Parent][RunMessage] Error: Channel error: cannot send/recv


###!!! [Parent][RunMessage] Error: Channel error: cannot send/recv


###!!! [Parent][RunMessage] Error: Channel error: cannot send/recv


###!!! [Parent][RunMessage] Error: Channel error: cannot send/recv


###!!! [Parent][RunMessage] Error: Channel error: cannot send/recv


###!!! [Parent][RunMessage] Error: Channel error: cannot send/recv


###!!! [Parent][RunMessage] Error: Channel error: cannot send/recv


###!!! [Parent][RunMessage] Error: Channel error: cannot send/recv


###!!! [Parent][RunMessage] Error: Channel error: cannot send/recv


###!!! [Parent][RunMessage] Error: Channel error: cannot send/recv


###!!! [Parent][RunMessage] Error: Channel error: cannot send/recv


###!!! [Parent][RunMessage] Error: Channel error: cannot send/recv


###!!! [Parent][RunMessage] Error: Channel error: cannot send/recv


###!!! [Parent][RunMessage] Error: Channel error: cannot send/recv


###!!! [Parent][RunMessage] Error: Channel error: cannot send/recv


###!!! [Parent][RunMessage] Error: Channel error: cannot send/recv


###!!! [Parent][RunMessage] Error: Channel error: cannot send/recv


###!!! [Parent][RunMessage] Error: Channel error: cannot send/recv


###!!! [Parent][RunMessage] Error: Channel error: cannot send/recv


###!!! [Parent][RunMessage] Error: Channel error: cannot send/recv


###!!! [Parent][RunMessage] Error: Channel error: cannot send/recv


###!!! [Parent][RunMessage] Error: Channel error: cannot send/recv


###!!! [Parent][RunMessage] Error: Channel error: cannot send/recv


###!!! [Parent][RunMessage] Error: Channel error: cannot send/recv


###!!! [Parent][RunMessage] Error: Channel error: cannot send/recv


###!!! [Parent][RunMessage] Error: Channel error: cannot send/recv


###!!! [Parent][RunMessage] Error: Channel error: cannot send/recv


###!!! [Parent][RunMessage] Error: Channel error: cannot send/recv


###!!! [Parent][RunMessage] Error: Channel error: cannot send/recv


###!!! [Parent][RunMessage] Error: Channel error: cannot send/recv


###!!! [Parent][RunMessage] Error: Channel error: cannot send/recv


###!!! [Parent][RunMessage] Error: Channel error: cannot send/recv


###!!! [Parent][RunMessage] Error: Channel error: cannot send/recv


###!!! [Parent][RunMessage] Error: Channel error: cannot send/recv


###!!! [Parent][RunMessage] Error: Channel error: cannot send/recv


###!!! [Parent][RunMessage] Error: Channel error: cannot send/recv


###!!! [Parent][RunMessage] Error: Channel error: cannot send/recv


###!!! [Parent][RunMessage] Error: Channel error: cannot send/recv


###!!! [Parent][RunMessage] Error: Channel error: cannot send/recv


###!!! [Parent][RunMessage] Error: Channel error: cannot send/recv


###!!! [Parent][RunMessage] Error: Channel error: cannot send/recv


###!!! [Parent][RunMessage] Error: Channel error: cannot send/recv


###!!! [Parent][RunMessage] Error: Channel error: cannot send/recv


###!!! [Parent][RunMessage] Error: Channel error: cannot send/recv


###!!! [Parent][RunMessage] Error: Channel error: cannot send/recv


###!!! [Parent][RunMessage] Error: Channel error: cannot send/recv


###!!! [Parent][RunMessage] Error: Channel error: cannot send/recv


###!!! [Parent][RunMessage] Error: Channel error: cannot send/recv


###!!! [Parent][RunMessage] Error: Channel error: cannot send/recv


###!!! [Parent][RunMessage] Error: Channel error: cannot send/recv


###!!! [Parent][RunMessage] Error: Channel error: cannot send/recv


###!!! [Parent][RunMessage] Error: Channel error: cannot send/recv


###!!! [Parent][RunMessage] Error: Channel error: cannot send/recv


###!!! [Parent][RunMessage] Error: Channel error: cannot send/recv


###!!! [Parent][RunMessage] Error: Channel error: cannot send/recv


###!!! [Parent][RunMessage] Error: Channel error: cannot send/recv


###!!! [Parent][RunMessage] Error: Channel error: cannot send/recv


###!!! [Parent][RunMessage] Error: Channel error: cannot send/recv


###!!! [Parent][RunMessage] Error: Channel error: cannot send/recv

1643458075313	geckodriver	INFO	Listening on 127.0.0.1:61177
1643458078370	mozrunner::runner	INFO	Running command: "C:\\Program Files\\Mozilla Firefox\\firefox.exe" "--marionette" "--remote-debugging-port" "61178" "-no-remote" "-profile" "C:\\Users\\luchi\\AppData\\Local\\Temp\\rust_mozprofileQ85VG9"
1643458079176	Marionette	INFO	Marionette enabled
console.warn: SearchSettings: "get: No settings file exists, new profile?" (new NotFoundError("Could not open the file at C:\\Users\\luchi\\AppData\\Local\\Temp\\rust_mozprofileQ85VG9\\search.json.mozlz4", (void 0)))
DevTools listening on ws://localhost:61178/devtools/browser/10b045fc-586f-4542-b76d-2cfd697ac10c
1643458083737	Marionette	INFO	Listening on port 61184
1643458084284	RemoteAgent	WARN	TLS certificate errors will be ignored for this session
1643458092375	Marionette	INFO	Stopped listening on port 61184

###!!! [Parent][RunMessage] Error: Channel closing: too late to send/recv, messages will be lost

1643458165711	geckodriver	INFO	Listening on 127.0.0.1:61549
1643458168771	mozrunner::runner	INFO	Running command: "C:\\Program Files\\Mozilla Firefox\\firefox.exe" "--marionette" "--remote-debugging-port" "61550" "-no-remote" "-profile" "C:\\Users\\luchi\\AppData\\Local\\Temp\\rust_mozprofileaF8DEY"
1643458169642	Marionette	INFO	Marionette enabled
console.warn: SearchSettings: "get: No settings file exists, new profile?" (new NotFoundError("Could not open the file at C:\\Users\\luchi\\AppData\\Local\\Temp\\rust_mozprofileaF8DEY\\search.json.mozlz4", (void 0)))
DevTools listening on ws://localhost:61550/devtools/browser/c8c748b4-5de4-4c65-a988-b71c3830a302
1643458174390	Marionette	INFO	Listening on port 61556
1643458174666	RemoteAgent	WARN	TLS certificate errors will be ignored for this session
1643458183214	Marionette	INFO	Stopped listening on port 61556

###!!! [Parent][RunMessage] Error: Channel error: cannot send/recv


###!!! [Parent][RunMessage] Error: Channel error: cannot send/recv


###!!! [Parent][RunMessage] Error: Channel closing: too late to send/recv, messages will be lost

1643458248365	geckodriver	INFO	Listening on 127.0.0.1:51036
1643458251432	mozrunner::runner	INFO	Running command: "C:\\Program Files\\Mozilla Firefox\\firefox.exe" "--marionette" "--remote-debugging-port" "51037" "-no-remote" "-profile" "C:\\Users\\luchi\\AppData\\Local\\Temp\\rust_mozprofileBCt0ZK"
1643458252207	Marionette	INFO	Marionette enabled
console.warn: SearchSettings: "get: No settings file exists, new profile?" (new NotFoundError("Could not open the file at C:\\Users\\luchi\\AppData\\Local\\Temp\\rust_mozprofileBCt0ZK\\search.json.mozlz4", (void 0)))
DevTools listening on ws://localhost:51037/devtools/browser/6df5fa3f-8e54-4146-b674-1f750f2a2ba7
1643458256742	Marionette	INFO	Listening on port 51044
1643458256845	RemoteAgent	WARN	TLS certificate errors will be ignored for this session
1643458265998	Marionette	INFO	Stopped listening on port 51044

###!!! [Parent][RunMessage] Error: Channel closing: too late to send/recv, messages will be lost

1643458938902	geckodriver	INFO	Listening on 127.0.0.1:53455
1643458941993	mozrunner::runner	INFO	Running command: "C:\\Program Files\\Mozilla Firefox\\firefox.exe" "--marionette" "--remote-debugging-port" "53456" "-no-remote" "-profile" "C:\\Users\\luchi\\AppData\\Local\\Temp\\rust_mozprofileLqkl6W"
1643458942641	Marionette	INFO	Marionette enabled
console.warn: SearchSettings: "get: No settings file exists, new profile?" (new NotFoundError("Could not open the file at C:\\Users\\luchi\\AppData\\Local\\Temp\\rust_mozprofileLqkl6W\\search.json.mozlz4", (void 0)))
DevTools listening on ws://localhost:53456/devtools/browser/2243b029-e6d4-40a8-a218-965f0b8f0a0e
1643458948114	Marionette	INFO	Listening on port 53463
1643458948355	RemoteAgent	WARN	TLS certificate errors will be ignored for this session
1643458981921	Marionette	INFO	Stopped listening on port 53463
console.warn: TopSitesFeed: Failed to fetch data from Contile server: NetworkError when attempting to fetch resource.
JavaScript error: chrome://remote/content/marionette/cert.js, line 55: NS_ERROR_NOT_AVAILABLE: Component returned failure code: 0x80040111 (NS_ERROR_NOT_AVAILABLE) [nsICertOverrideService.setDisableAllSecurityChecksAndLetAttackersInterceptMyData]

###!!! [Parent][RunMessage] Error: Channel closing: too late to send/recv, messages will be lost

1643458987510	geckodriver	INFO	Listening on 127.0.0.1:53654
1643458990599	mozrunner::runner	INFO	Running command: "C:\\Program Files\\Mozilla Firefox\\firefox.exe" "--marionette" "--remote-debugging-port" "53655" "-no-remote" "-profile" "C:\\Users\\luchi\\AppData\\Local\\Temp\\rust_mozprofile3osMZH"
1643458991208	Marionette	INFO	Marionette enabled
console.warn: SearchSettings: "get: No settings file exists, new profile?" (new NotFoundError("Could not open the file at C:\\Users\\luchi\\AppData\\Local\\Temp\\rust_mozprofile3osMZH\\search.json.mozlz4", (void 0)))
DevTools listening on ws://localhost:53655/devtools/browser/512a31c3-db2b-45ab-995b-1fc8bcc9af01
1643458995462	Marionette	INFO	Listening on port 53661
1643458995958	RemoteAgent	WARN	TLS certificate errors will be ignored for this session
1643459002930	Marionette	INFO	Stopped listening on port 53661

###!!! [Parent][RunMessage] Error: Channel error: cannot send/recv


###!!! [Parent][RunMessage] Error: Channel error: cannot send/recv


###!!! [Parent][RunMessage] Error: Channel error: cannot send/recv


###!!! [Parent][RunMessage] Error: Channel error: cannot send/recv


###!!! [Parent][RunMessage] Error: Channel error: cannot send/recv


###!!! [Parent][RunMessage] Error: Channel error: cannot send/recv


###!!! [Parent][RunMessage] Error: Channel error: cannot send/recv


###!!! [Parent][RunMessage] Error: Channel error: cannot send/recv


###!!! [Parent][RunMessage] Error: Channel error: cannot send/recv


###!!! [Parent][RunMessage] Error: Channel error: cannot send/recv


###!!! [Parent][RunMessage] Error: Channel error: cannot send/recv


###!!! [Parent][RunMessage] Error: Channel error: cannot send/recv


###!!! [Parent][RunMessage] Error: Channel error: cannot send/recv


###!!! [Parent][RunMessage] Error: Channel error: cannot send/recv


###!!! [Parent][RunMessage] Error: Channel error: cannot send/recv


###!!! [Parent][RunMessage] Error: Channel error: cannot send/recv


###!!! [Parent][RunMessage] Error: Channel error: cannot send/recv


###!!! [Parent][RunMessage] Error: Channel error: cannot send/recv


###!!! [Parent][RunMessage] Error: Channel error: cannot send/recv


###!!! [Parent][RunMessage] Error: Channel error: cannot send/recv


###!!! [Parent][RunMessage] Error: Channel error: cannot send/recv


###!!! [Parent][RunMessage] Error: Channel error: cannot send/recv


###!!! [Parent][RunMessage] Error: Channel error: cannot send/recv


###!!! [Parent][RunMessage] Error: Channel error: cannot send/recv


###!!! [Parent][RunMessage] Error: Channel error: cannot send/recv


###!!! [Parent][RunMessage] Error: Channel error: cannot send/recv


###!!! [Parent][RunMessage] Error: Channel error: cannot send/recv


###!!! [Parent][RunMessage] Error: Channel error: cannot send/recv


###!!! [Parent][RunMessage] Error: Channel closing: too late to send/recv, messages will be lost

1643463707812	geckodriver	INFO	Listening on 127.0.0.1:59094
1643464815539	geckodriver	INFO	Listening on 127.0.0.1:57609
1643464818614	mozrunner::runner	INFO	Running command: "C:\\Program Files\\Mozilla Firefox\\firefox.exe" "--marionette" "--remote-debugging-port" "57610" "-no-remote" "-profile" "C:\\Users\\luchi\\AppData\\Local\\Temp\\rust_mozprofilew6sGCF"
1643464819739	Marionette	INFO	Marionette enabled
console.warn: SearchSettings: "get: No settings file exists, new profile?" (new NotFoundError("Could not open the file at C:\\Users\\luchi\\AppData\\Local\\Temp\\rust_mozprofilew6sGCF\\search.json.mozlz4", (void 0)))
DevTools listening on ws://localhost:57610/devtools/browser/91e02e6b-9772-41f4-a23c-4ff82920b5f5
1643464824531	Marionette	INFO	Listening on port 57619
1643464825064	RemoteAgent	WARN	TLS certificate errors will be ignored for this session
1643464833065	Marionette	INFO	Stopped listening on port 57619

###!!! [Parent][RunMessage] Error: Channel closing: too late to send/recv, messages will be lost

1643464915436	geckodriver	INFO	Listening on 127.0.0.1:51740
1643464918529	mozrunner::runner	INFO	Running command: "C:\\Program Files\\Mozilla Firefox\\firefox.exe" "--marionette" "--remote-debugging-port" "51741" "-no-remote" "-profile" "C:\\Users\\luchi\\AppData\\Local\\Temp\\rust_mozprofileWIUwcB"
1643464919270	Marionette	INFO	Marionette enabled
console.warn: SearchSettings: "get: No settings file exists, new profile?" (new NotFoundError("Could not open the file at C:\\Users\\luchi\\AppData\\Local\\Temp\\rust_mozprofileWIUwcB\\search.json.mozlz4", (void 0)))
DevTools listening on ws://localhost:51741/devtools/browser/be9ce4b9-b66e-47bd-9e53-66ab01191d2e
1643464923466	Marionette	INFO	Listening on port 51747
1643464923977	RemoteAgent	WARN	TLS certificate errors will be ignored for this session
1643464931102	Marionette	INFO	Stopped listening on port 51747

###!!! [Parent][RunMessage] Error: Channel error: cannot send/recv


###!!! [Parent][RunMessage] Error: Channel error: cannot send/recv


###!!! [Parent][RunMessage] Error: Channel error: cannot send/recv


###!!! [Parent][RunMessage] Error: Channel error: cannot send/recv


###!!! [Parent][RunMessage] Error: Channel error: cannot send/recv


###!!! [Parent][RunMessage] Error: Channel error: cannot send/recv


###!!! [Parent][RunMessage] Error: Channel error: cannot send/recv


###!!! [Parent][RunMessage] Error: Channel error: cannot send/recv


###!!! [Parent][RunMessage] Error: Channel error: cannot send/recv


###!!! [Parent][RunMessage] Error: Channel error: cannot send/recv


###!!! [Parent][RunMessage] Error: Channel error: cannot send/recv


###!!! [Parent][RunMessage] Error: Channel error: cannot send/recv


###!!! [Parent][RunMessage] Error: Channel error: cannot send/recv


###!!! [Parent][RunMessage] Error: Channel error: cannot send/recv


###!!! [Parent][RunMessage] Error: Channel error: cannot send/recv


###!!! [Parent][RunMessage] Error: Channel error: cannot send/recv


###!!! [Parent][RunMessage] Error: Channel error: cannot send/recv


###!!! [Parent][RunMessage] Error: Channel error: cannot send/recv


###!!! [Parent][RunMessage] Error: Channel error: cannot send/recv


###!!! [Parent][RunMessage] Error: Channel error: cannot send/recv


###!!! [Parent][RunMessage] Error: Channel error: cannot send/recv


###!!! [Parent][RunMessage] Error: Channel error: cannot send/recv


###!!! [Parent][RunMessage] Error: Channel error: cannot send/recv


###!!! [Parent][RunMessage] Error: Channel error: cannot send/recv


###!!! [Parent][RunMessage] Error: Channel error: cannot send/recv


###!!! [Parent][RunMessage] Error: Channel error: cannot send/recv


###!!! [Parent][RunMessage] Error: Channel error: cannot send/recv


###!!! [Parent][RunMessage] Error: Channel error: cannot send/recv


###!!! [Parent][RunMessage] Error: Channel error: cannot send/recv


###!!! [Parent][RunMessage] Error: Channel error: cannot send/recv


###!!! [Parent][RunMessage] Error: Channel error: cannot send/recv


###!!! [Parent][RunMessage] Error: Channel error: cannot send/recv


###!!! [Parent][RunMessage] Error: Channel error: cannot send/recv


###!!! [Parent][RunMessage] Error: Channel error: cannot send/recv


###!!! [Parent][RunMessage] Error: Channel error: cannot send/recv


###!!! [Parent][RunMessage] Error: Channel error: cannot send/recv


###!!! [Parent][RunMessage] Error: Channel error: cannot send/recv


###!!! [Parent][RunMessage] Error: Channel error: cannot send/recv


###!!! [Parent][RunMessage] Error: Channel error: cannot send/recv


###!!! [Parent][RunMessage] Error: Channel error: cannot send/recv


###!!! [Parent][RunMessage] Error: Channel error: cannot send/recv


###!!! [Parent][RunMessage] Error: Channel error: cannot send/recv


###!!! [Parent][RunMessage] Error: Channel error: cannot send/recv


###!!! [Parent][RunMessage] Error: Channel error: cannot send/recv


###!!! [Parent][RunMessage] Error: Channel error: cannot send/recv


###!!! [Parent][RunMessage] Error: Channel error: cannot send/recv


###!!! [Parent][RunMessage] Error: Channel error: cannot send/recv


###!!! [Parent][RunMessage] Error: Channel error: cannot send/recv


###!!! [Parent][RunMessage] Error: Channel error: cannot send/recv


###!!! [Parent][RunMessage] Error: Channel error: cannot send/recv


###!!! [Parent][RunMessage] Error: Channel error: cannot send/recv


###!!! [Parent][RunMessage] Error: Channel error: cannot send/recv


###!!! [Parent][RunMessage] Error: Channel error: cannot send/recv


###!!! [Parent][RunMessage] Error: Channel error: cannot send/recv


###!!! [Parent][RunMessage] Error: Channel error: cannot send/recv


###!!! [Parent][RunMessage] Error: Channel error: cannot send/recv


###!!! [Parent][RunMessage] Error: Channel error: cannot send/recv


###!!! [Parent][RunMessage] Error: Channel error: cannot send/recv


###!!! [Parent][RunMessage] Error: Channel error: cannot send/recv


###!!! [Parent][RunMessage] Error: Channel error: cannot send/recv


###!!! [Parent][RunMessage] Error: Channel error: cannot send/recv


###!!! [Parent][RunMessage] Error: Channel error: cannot send/recv


###!!! [Parent][RunMessage] Error: Channel error: cannot send/recv


###!!! [Parent][RunMessage] Error: Channel error: cannot send/recv


###!!! [Parent][RunMessage] Error: Channel error: cannot send/recv


###!!! [Parent][RunMessage] Error: Channel error: cannot send/recv


###!!! [Parent][RunMessage] Error: Channel error: cannot send/recv


###!!! [Parent][RunMessage] Error: Channel error: cannot send/recv


###!!! [Parent][RunMessage] Error: Channel error: cannot send/recv


###!!! [Parent][RunMessage] Error: Channel error: cannot send/recv


###!!! [Parent][RunMessage] Error: Channel error: cannot send/recv


###!!! [Parent][RunMessage] Error: Channel error: cannot send/recv


###!!! [Parent][RunMessage] Error: Channel error: cannot send/recv


###!!! [Parent][RunMessage] Error: Channel error: cannot send/recv


###!!! [Parent][RunMessage] Error: Channel error: cannot send/recv


###!!! [Parent][RunMessage] Error: Channel error: cannot send/recv


###!!! [Parent][RunMessage] Error: Channel error: cannot send/recv


###!!! [Parent][RunMessage] Error: Channel error: cannot send/recv


###!!! [Parent][RunMessage] Error: Channel error: cannot send/recv


###!!! [Parent][RunMessage] Error: Channel error: cannot send/recv


###!!! [Parent][RunMessage] Error: Channel error: cannot send/recv


###!!! [Parent][RunMessage] Error: Channel error: cannot send/recv


###!!! [Parent][RunMessage] Error: Channel error: cannot send/recv


###!!! [Parent][RunMessage] Error: Channel error: cannot send/recv


###!!! [Parent][RunMessage] Error: Channel error: cannot send/recv


###!!! [Parent][RunMessage] Error: Channel error: cannot send/recv


###!!! [Parent][RunMessage] Error: Channel error: cannot send/recv


###!!! [Parent][RunMessage] Error: Channel error: cannot send/recv


###!!! [Parent][RunMessage] Error: Channel error: cannot send/recv


###!!! [Parent][RunMessage] Error: Channel error: cannot send/recv


###!!! [Parent][RunMessage] Error: Channel error: cannot send/recv


###!!! [Parent][RunMessage] Error: Channel error: cannot send/recv


###!!! [Parent][RunMessage] Error: Channel error: cannot send/recv


###!!! [Parent][RunMessage] Error: Channel error: cannot send/recv


###!!! [Parent][RunMessage] Error: Channel error: cannot send/recv


###!!! [Parent][RunMessage] Error: Channel error: cannot send/recv


###!!! [Parent][RunMessage] Error: Channel error: cannot send/recv


###!!! [Parent][RunMessage] Error: Channel error: cannot send/recv


###!!! [Parent][RunMessage] Error: Channel error: cannot send/recv


###!!! [Parent][RunMessage] Error: Channel error: cannot send/recv


###!!! [Parent][RunMessage] Error: Channel error: cannot send/recv


###!!! [Parent][RunMessage] Error: Channel error: cannot send/recv


###!!! [Parent][RunMessage] Error: Channel error: cannot send/recv


###!!! [Parent][RunMessage] Error: Channel error: cannot send/recv


###!!! [Parent][RunMessage] Error: Channel error: cannot send/recv


###!!! [Parent][RunMessage] Error: Channel error: cannot send/recv


###!!! [Parent][RunMessage] Error: Channel error: cannot send/recv


###!!! [Parent][RunMessage] Error: Channel error: cannot send/recv


###!!! [Parent][RunMessage] Error: Channel error: cannot send/recv


###!!! [Parent][RunMessage] Error: Channel error: cannot send/recv


###!!! [Parent][RunMessage] Error: Channel error: cannot send/recv


###!!! [Parent][RunMessage] Error: Channel error: cannot send/recv


###!!! [Parent][RunMessage] Error: Channel error: cannot send/recv


###!!! [Parent][RunMessage] Error: Channel error: cannot send/recv


###!!! [Parent][RunMessage] Error: Channel error: cannot send/recv


###!!! [Parent][RunMessage] Error: Channel error: cannot send/recv


###!!! [Parent][RunMessage] Error: Channel error: cannot send/recv


###!!! [Parent][RunMessage] Error: Channel error: cannot send/recv


###!!! [Parent][RunMessage] Error: Channel error: cannot send/recv


###!!! [Parent][RunMessage] Error: Channel error: cannot send/recv


###!!! [Parent][RunMessage] Error: Channel error: cannot send/recv


###!!! [Parent][RunMessage] Error: Channel error: cannot send/recv


###!!! [Parent][RunMessage] Error: Channel error: cannot send/recv


###!!! [Parent][RunMessage] Error: Channel error: cannot send/recv


###!!! [Parent][RunMessage] Error: Channel error: cannot send/recv


###!!! [Parent][RunMessage] Error: Channel error: cannot send/recv


###!!! [Parent][RunMessage] Error: Channel error: cannot send/recv


###!!! [Parent][RunMessage] Error: Channel error: cannot send/recv


###!!! [Parent][RunMessage] Error: Channel error: cannot send/recv


###!!! [Parent][RunMessage] Error: Channel error: cannot send/recv


###!!! [Parent][RunMessage] Error: Channel error: cannot send/recv


###!!! [Parent][RunMessage] Error: Channel error: cannot send/recv


###!!! [Parent][RunMessage] Error: Channel error: cannot send/recv


###!!! [Parent][RunMessage] Error: Channel error: cannot send/recv


###!!! [Parent][RunMessage] Error: Channel error: cannot send/recv


###!!! [Parent][RunMessage] Error: Channel error: cannot send/recv


###!!! [Parent][RunMessage] Error: Channel error: cannot send/recv


###!!! [Parent][RunMessage] Error: Channel error: cannot send/recv


###!!! [Parent][RunMessage] Error: Channel error: cannot send/recv


###!!! [Parent][RunMessage] Error: Channel error: cannot send/recv


###!!! [Parent][RunMessage] Error: Channel error: cannot send/recv


###!!! [Parent][RunMessage] Error: Channel error: cannot send/recv


###!!! [Parent][RunMessage] Error: Channel error: cannot send/recv


###!!! [Parent][RunMessage] Error: Channel error: cannot send/recv


###!!! [Parent][RunMessage] Error: Channel error: cannot send/recv


###!!! [Parent][RunMessage] Error: Channel error: cannot send/recv


###!!! [Parent][RunMessage] Error: Channel error: cannot send/recv


###!!! [Parent][RunMessage] Error: Channel error: cannot send/recv


###!!! [Parent][RunMessage] Error: Channel error: cannot send/recv


###!!! [Parent][RunMessage] Error: Channel error: cannot send/recv


###!!! [Parent][RunMessage] Error: Channel error: cannot send/recv


###!!! [Parent][RunMessage] Error: Channel error: cannot send/recv


###!!! [Parent][RunMessage] Error: Channel error: cannot send/recv


###!!! [Parent][RunMessage] Error: Channel error: cannot send/recv


###!!! [Parent][RunMessage] Error: Channel error: cannot send/recv


###!!! [Parent][RunMessage] Error: Channel error: cannot send/recv


###!!! [Parent][RunMessage] Error: Channel error: cannot send/recv


###!!! [Parent][RunMessage] Error: Channel error: cannot send/recv


###!!! [Parent][RunMessage] Error: Channel error: cannot send/recv


###!!! [Parent][RunMessage] Error: Channel error: cannot send/recv


###!!! [Parent][RunMessage] Error: Channel error: cannot send/recv


###!!! [Parent][RunMessage] Error: Channel error: cannot send/recv


###!!! [Parent][RunMessage] Error: Channel error: cannot send/recv


###!!! [Parent][RunMessage] Error: Channel error: cannot send/recv


###!!! [Parent][RunMessage] Error: Channel error: cannot send/recv


###!!! [Parent][RunMessage] Error: Channel error: cannot send/recv


###!!! [Parent][RunMessage] Error: Channel error: cannot send/recv


###!!! [Parent][RunMessage] Error: Channel error: cannot send/recv


###!!! [Parent][RunMessage] Error: Channel error: cannot send/recv


###!!! [Parent][RunMessage] Error: Channel error: cannot send/recv


###!!! [Parent][RunMessage] Error: Channel error: cannot send/recv


###!!! [Parent][RunMessage] Error: Channel error: cannot send/recv


###!!! [Parent][RunMessage] Error: Channel error: cannot send/recv


###!!! [Parent][RunMessage] Error: Channel error: cannot send/recv


###!!! [Parent][RunMessage] Error: Channel error: cannot send/recv


###!!! [Parent][RunMessage] Error: Channel error: cannot send/recv


###!!! [Parent][RunMessage] Error: Channel error: cannot send/recv


###!!! [Parent][RunMessage] Error: Channel error: cannot send/recv


###!!! [Parent][RunMessage] Error: Channel error: cannot send/recv


###!!! [Parent][RunMessage] Error: Channel error: cannot send/recv


###!!! [Parent][RunMessage] Error: Channel error: cannot send/recv


###!!! [Parent][RunMessage] Error: Channel error: cannot send/recv


###!!! [Parent][RunMessage] Error: Channel error: cannot send/recv


###!!! [Parent][RunMessage] Error: Channel error: cannot send/recv


###!!! [Parent][RunMessage] Error: Channel error: cannot send/recv


###!!! [Parent][RunMessage] Error: Channel error: cannot send/recv


###!!! [Parent][RunMessage] Error: Channel error: cannot send/recv


###!!! [Parent][RunMessage] Error: Channel error: cannot send/recv


###!!! [Parent][RunMessage] Error: Channel error: cannot send/recv


###!!! [Parent][RunMessage] Error: Channel error: cannot send/recv


###!!! [Parent][RunMessage] Error: Channel error: cannot send/recv


###!!! [Parent][RunMessage] Error: Channel error: cannot send/recv


###!!! [Parent][RunMessage] Error: Channel error: cannot send/recv


###!!! [Parent][RunMessage] Error: Channel error: cannot send/recv


###!!! [Parent][RunMessage] Error: Channel error: cannot send/recv

1643464966566	geckodriver	INFO	Listening on 127.0.0.1:53664
1643464969651	mozrunner::runner	INFO	Running command: "C:\\Program Files\\Mozilla Firefox\\firefox.exe" "--marionette" "--remote-debugging-port" "53665" "-no-remote" "-profile" "C:\\Users\\luchi\\AppData\\Local\\Temp\\rust_mozprofileFcPbDt"
1643464970377	Marionette	INFO	Marionette enabled
console.warn: SearchSettings: "get: No settings file exists, new profile?" (new NotFoundError("Could not open the file at C:\\Users\\luchi\\AppData\\Local\\Temp\\rust_mozprofileFcPbDt\\search.json.mozlz4", (void 0)))
DevTools listening on ws://localhost:53665/devtools/browser/abc0e6de-989b-4f24-8d46-6f96e4fce0f9
1643464974586	Marionette	INFO	Listening on port 53674
1643464975070	RemoteAgent	WARN	TLS certificate errors will be ignored for this session
1643464982878	Marionette	INFO	Stopped listening on port 53674

###!!! [Parent][RunMessage] Error: Channel closing: too late to send/recv, messages will be lost

1643465880172	geckodriver	INFO	Listening on 127.0.0.1:55047
1643465883239	mozrunner::runner	INFO	Running command: "C:\\Program Files\\Mozilla Firefox\\firefox.exe" "--marionette" "--remote-debugging-port" "55048" "-no-remote" "-profile" "C:\\Users\\luchi\\AppData\\Local\\Temp\\rust_mozprofile45TPf1"
1643465883966	Marionette	INFO	Marionette enabled
console.warn: SearchSettings: "get: No settings file exists, new profile?" (new NotFoundError("Could not open the file at C:\\Users\\luchi\\AppData\\Local\\Temp\\rust_mozprofile45TPf1\\search.json.mozlz4", (void 0)))
DevTools listening on ws://localhost:55048/devtools/browser/9dbc0373-b2f8-4d04-bc7f-b0ccf2104ce8
1643465888380	Marionette	INFO	Listening on port 55055
1643465888659	RemoteAgent	WARN	TLS certificate errors will be ignored for this session
1643465898556	Marionette	INFO	Stopped listening on port 55055
1643487062836	geckodriver	INFO	Listening on 127.0.0.1:64935
1643487065930	mozrunner::runner	INFO	Running command: "C:\\Program Files\\Mozilla Firefox\\firefox.exe" "--marionette" "--remote-debugging-port" "64936" "-no-remote" "-profile" "C:\\Users\\luchi\\AppData\\Local\\Temp\\rust_mozprofile0pFESw"
1643487066985	Marionette	INFO	Marionette enabled
console.warn: SearchSettings: "get: No settings file exists, new profile?" (new NotFoundError("Could not open the file at C:\\Users\\luchi\\AppData\\Local\\Temp\\rust_mozprofile0pFESw\\search.json.mozlz4", (void 0)))
DevTools listening on ws://localhost:64936/devtools/browser/4ec94120-9ea3-4073-b0b7-f7c534e0ff1d
1643487071823	Marionette	INFO	Listening on port 64941
1643487071900	RemoteAgent	WARN	TLS certificate errors will be ignored for this session
1643487078942	Marionette	INFO	Stopped listening on port 64941
1643545870406	geckodriver	INFO	Listening on 127.0.0.1:55568
1643545873470	mozrunner::runner	INFO	Running command: "C:\\Program Files\\Mozilla Firefox\\firefox.exe" "--marionette" "--remote-debugging-port" "55569" "-no-remote" "-profile" "C:\\Users\\luchi\\AppData\\Local\\Temp\\rust_mozprofileZrA4U6"
1643545874378	Marionette	INFO	Marionette enabled
console.warn: SearchSettings: "get: No settings file exists, new profile?" (new NotFoundError("Could not open the file at C:\\Users\\luchi\\AppData\\Local\\Temp\\rust_mozprofileZrA4U6\\search.json.mozlz4", (void 0)))
DevTools listening on ws://localhost:55569/devtools/browser/b66f3c87-d427-4add-88e5-d99019fd82db
1643545878305	Marionette	INFO	Listening on port 55577
1643545878365	RemoteAgent	WARN	TLS certificate errors will be ignored for this session
1643545894500	Marionette	INFO	Stopped listening on port 55577
1643547890290	geckodriver	INFO	Listening on 127.0.0.1:52139
1643547893378	mozrunner::runner	INFO	Running command: "C:\\Program Files\\Mozilla Firefox\\firefox.exe" "--marionette" "--remote-debugging-port" "52140" "-no-remote" "-profile" "C:\\Users\\luchi\\AppData\\Local\\Temp\\rust_mozprofileAEwpWt"
1643547894330	Marionette	INFO	Marionette enabled
console.warn: SearchSettings: "get: No settings file exists, new profile?" (new NotFoundError("Could not open the file at C:\\Users\\luchi\\AppData\\Local\\Temp\\rust_mozprofileAEwpWt\\search.json.mozlz4", (void 0)))
DevTools listening on ws://localhost:52140/devtools/browser/530e6447-4860-4edb-99f3-ac2c582f4f0f
1643547899831	Marionette	INFO	Listening on port 52145
1643547899932	RemoteAgent	WARN	TLS certificate errors will be ignored for this session
1643547907968	Marionette	INFO	Stopped listening on port 52145
1644171193844	geckodriver	INFO	Listening on 127.0.0.1:51829
1644171196939	mozrunner::runner	INFO	Running command: "C:\\Program Files\\Mozilla Firefox\\firefox.exe" "--marionette" "--remote-debugging-port" "51830" "-no-remote" "-profile" "C:\\Users\\luchi\\AppData\\Local\\Temp\\rust_mozprofileyMxDBy"
1644171197801	Marionette	INFO	Marionette enabled
console.warn: SearchSettings: "get: No settings file exists, new profile?" (new NotFoundError("Could not open the file at C:\\Users\\luchi\\AppData\\Local\\Temp\\rust_mozprofileyMxDBy\\search.json.mozlz4", (void 0)))
DevTools listening on ws://localhost:51830/devtools/browser/72a7379d-c86a-48e9-956e-857db9c9b18a
1644171202283	Marionette	INFO	Listening on port 51836
1644171202372	RemoteAgent	WARN	TLS certificate errors will be ignored for this session
1644171212395	Marionette	INFO	Stopped listening on port 51836

###!!! [Parent][RunMessage] Error: Channel closing: too late to send/recv, messages will be lost

1644257601479	geckodriver	INFO	Listening on 127.0.0.1:54548
1644257604562	mozrunner::runner	INFO	Running command: "C:\\Program Files\\Mozilla Firefox\\firefox.exe" "--marionette" "--remote-debugging-port" "54549" "-no-remote" "-profile" "C:\\Users\\luchi\\AppData\\Local\\Temp\\rust_mozprofiletbWnOU"
1644257605198	Marionette	INFO	Marionette enabled
1644257699091	geckodriver	INFO	Listening on 127.0.0.1:54589
1644257702152	mozrunner::runner	INFO	Running command: "C:\\Program Files\\Mozilla Firefox\\firefox.exe" "--marionette" "--remote-debugging-port" "54590" "-no-remote" "-profile" "C:\\Users\\luchi\\AppData\\Local\\Temp\\rust_mozprofileaRn9fV"
1644257702597	Marionette	INFO	Marionette enabled
console.warn: SearchSettings: "get: No settings file exists, new profile?" (new NotFoundError("Could not open the file at C:\\Users\\luchi\\AppData\\Local\\Temp\\rust_mozprofileaRn9fV\\search.json.mozlz4", (void 0)))
DevTools listening on ws://localhost:54590/devtools/browser/c2af4b55-6ee5-40a7-b829-756e34221c25
1644257705797	Marionette	INFO	Listening on port 54595
1644257705874	RemoteAgent	WARN	TLS certificate errors will be ignored for this session
1644257710652	Marionette	INFO	Stopped listening on port 54595

###!!! [Parent][RunMessage] Error: Channel closing: too late to send/recv, messages will be lost

1644257889709	geckodriver	INFO	Listening on 127.0.0.1:50973
1644257892789	mozrunner::runner	INFO	Running command: "C:\\Program Files\\Mozilla Firefox\\firefox.exe" "--marionette" "--remote-debugging-port" "50974" "-no-remote" "-profile" "C:\\Users\\luchi\\AppData\\Local\\Temp\\rust_mozprofilePGbE0d"
1644257893188	Marionette	INFO	Marionette enabled
console.warn: SearchSettings: "get: No settings file exists, new profile?" (new NotFoundError("Could not open the file at C:\\Users\\luchi\\AppData\\Local\\Temp\\rust_mozprofilePGbE0d\\search.json.mozlz4", (void 0)))
DevTools listening on ws://localhost:50974/devtools/browser/9b01317c-e68d-48be-ab34-edc13da8e278
1644257896126	Marionette	INFO	Listening on port 50980
1644257896495	RemoteAgent	WARN	TLS certificate errors will be ignored for this session
1644257900847	Marionette	INFO	Stopped listening on port 50980
1644258287725	geckodriver	INFO	Listening on 127.0.0.1:63177
1644258290804	mozrunner::runner	INFO	Running command: "C:\\Program Files\\Mozilla Firefox\\firefox.exe" "--marionette" "--remote-debugging-port" "63178" "-no-remote" "-profile" "C:\\Users\\luchi\\AppData\\Local\\Temp\\rust_mozprofileaFtyON"
1644258291208	Marionette	INFO	Marionette enabled
console.warn: SearchSettings: "get: No settings file exists, new profile?" (new NotFoundError("Could not open the file at C:\\Users\\luchi\\AppData\\Local\\Temp\\rust_mozprofileaFtyON\\search.json.mozlz4", (void 0)))
DevTools listening on ws://localhost:63178/devtools/browser/fa05d5e8-ffcd-457d-91e9-27d78ccbc9c1
1644258294053	Marionette	INFO	Listening on port 63185
1644258294513	RemoteAgent	WARN	TLS certificate errors will be ignored for this session
1644258299276	Marionette	INFO	Stopped listening on port 63185

###!!! [Parent][RunMessage] Error: Channel closing: too late to send/recv, messages will be lost

1644258324187	geckodriver	INFO	Listening on 127.0.0.1:51836
1644258327228	mozrunner::runner	INFO	Running command: "C:\\Program Files\\Mozilla Firefox\\firefox.exe" "--marionette" "--remote-debugging-port" "51837" "-no-remote" "-profile" "C:\\Users\\luchi\\AppData\\Local\\Temp\\rust_mozprofileI0JCGy"
1644258327600	Marionette	INFO	Marionette enabled
console.warn: SearchSettings: "get: No settings file exists, new profile?" (new NotFoundError("Could not open the file at C:\\Users\\luchi\\AppData\\Local\\Temp\\rust_mozprofileI0JCGy\\search.json.mozlz4", (void 0)))
DevTools listening on ws://localhost:51837/devtools/browser/9e3ca62f-9796-4599-9658-2dfa501c7ea8
1644258330233	Marionette	INFO	Listening on port 51845
1644258330414	RemoteAgent	WARN	TLS certificate errors will be ignored for this session
1644258334808	Marionette	INFO	Stopped listening on port 51845

###!!! [Parent][RunMessage] Error: Channel closing: too late to send/recv, messages will be lost

1644258427219	geckodriver	INFO	Listening on 127.0.0.1:52398
1644258430298	mozrunner::runner	INFO	Running command: "C:\\Program Files\\Mozilla Firefox\\firefox.exe" "--marionette" "--remote-debugging-port" "52399" "-no-remote" "-profile" "C:\\Users\\luchi\\AppData\\Local\\Temp\\rust_mozprofileFgKZRW"
1644258430700	Marionette	INFO	Marionette enabled
console.warn: SearchSettings: "get: No settings file exists, new profile?" (new NotFoundError("Could not open the file at C:\\Users\\luchi\\AppData\\Local\\Temp\\rust_mozprofileFgKZRW\\search.json.mozlz4", (void 0)))
DevTools listening on ws://localhost:52399/devtools/browser/fea9731f-2d0f-40bc-8fd7-9e2c7da35403
1644258433556	Marionette	INFO	Listening on port 52411
1644258434038	RemoteAgent	WARN	TLS certificate errors will be ignored for this session
1644258438094	Marionette	INFO	Stopped listening on port 52411

###!!! [Parent][RunMessage] Error: Channel closing: too late to send/recv, messages will be lost

1644258459287	geckodriver	INFO	Listening on 127.0.0.1:50165
1644258462358	mozrunner::runner	INFO	Running command: "C:\\Program Files\\Mozilla Firefox\\firefox.exe" "--marionette" "--remote-debugging-port" "50166" "-no-remote" "-profile" "C:\\Users\\luchi\\AppData\\Local\\Temp\\rust_mozprofilemmoa0b"
1644258462768	Marionette	INFO	Marionette enabled
console.warn: SearchSettings: "get: No settings file exists, new profile?" (new NotFoundError("Could not open the file at C:\\Users\\luchi\\AppData\\Local\\Temp\\rust_mozprofilemmoa0b\\search.json.mozlz4", (void 0)))
DevTools listening on ws://localhost:50166/devtools/browser/66ac8207-64bb-4c0d-ae6d-59fed2228e40
1644258465360	Marionette	INFO	Listening on port 50172
1644258465566	RemoteAgent	WARN	TLS certificate errors will be ignored for this session
1644258470141	Marionette	INFO	Stopped listening on port 50172

###!!! [Parent][RunMessage] Error: Channel closing: too late to send/recv, messages will be lost

1644258799102	geckodriver	INFO	Listening on 127.0.0.1:57831
1644258802176	mozrunner::runner	INFO	Running command: "C:\\Program Files\\Mozilla Firefox\\firefox.exe" "--marionette" "--remote-debugging-port" "57832" "-no-remote" "-profile" "C:\\Users\\luchi\\AppData\\Local\\Temp\\rust_mozprofileRft6cz"
1644258802610	Marionette	INFO	Marionette enabled
console.warn: SearchSettings: "get: No settings file exists, new profile?" (new NotFoundError("Could not open the file at C:\\Users\\luchi\\AppData\\Local\\Temp\\rust_mozprofileRft6cz\\search.json.mozlz4", (void 0)))
DevTools listening on ws://localhost:57832/devtools/browser/9aa68826-efc5-4847-be30-d151526f4f7a
1644258805254	Marionette	INFO	Listening on port 57839
1644258805374	RemoteAgent	WARN	TLS certificate errors will be ignored for this session
1644258809761	Marionette	INFO	Stopped listening on port 57839

###!!! [Parent][RunMessage] Error: Channel closing: too late to send/recv, messages will be lost

1644259101789	geckodriver	INFO	Listening on 127.0.0.1:56236
1644259104863	mozrunner::runner	INFO	Running command: "C:\\Program Files\\Mozilla Firefox\\firefox.exe" "--marionette" "--remote-debugging-port" "56237" "-no-remote" "-profile" "C:\\Users\\luchi\\AppData\\Local\\Temp\\rust_mozprofile8id9CU"
1644259105322	Marionette	INFO	Marionette enabled
console.warn: SearchSettings: "get: No settings file exists, new profile?" (new NotFoundError("Could not open the file at C:\\Users\\luchi\\AppData\\Local\\Temp\\rust_mozprofile8id9CU\\search.json.mozlz4", (void 0)))
DevTools listening on ws://localhost:56237/devtools/browser/6433793a-1260-4053-86bd-fc0b4fa2fe3a
1644259108123	Marionette	INFO	Listening on port 56243
1644259108567	RemoteAgent	WARN	TLS certificate errors will be ignored for this session
1644259115444	Marionette	INFO	Stopped listening on port 56243

###!!! [Parent][RunMessage] Error: Channel closing: too late to send/recv, messages will be lost

1644312151833	geckodriver	INFO	Listening on 127.0.0.1:58503
1644312154919	mozrunner::runner	INFO	Running command: "C:\\Program Files\\Mozilla Firefox\\firefox.exe" "--marionette" "--remote-debugging-port" "58504" "-no-remote" "-profile" "C:\\Users\\luchi\\AppData\\Local\\Temp\\rust_mozprofilePxBlUZ"
1644312156134	Marionette	INFO	Marionette enabled
console.warn: SearchSettings: "get: No settings file exists, new profile?" (new NotFoundError("Could not open the file at C:\\Users\\luchi\\AppData\\Local\\Temp\\rust_mozprofilePxBlUZ\\search.json.mozlz4", (void 0)))
DevTools listening on ws://localhost:58504/devtools/browser/d9fd9b59-a9b8-49c4-8965-efa4ebea05e9
1644312161169	Marionette	INFO	Listening on port 58509
1644312161333	RemoteAgent	WARN	TLS certificate errors will be ignored for this session
1644312167595	Marionette	INFO	Stopped listening on port 58509
1644773288882	geckodriver	INFO	Listening on 127.0.0.1:58589
1644773291964	mozrunner::runner	INFO	Running command: "C:\\Program Files\\Mozilla Firefox\\firefox.exe" "--marionette" "--remote-debugging-port" "58590" "-no-remote" "-profile" "C:\\Users\\luchi\\AppData\\Local\\Temp\\rust_mozprofilePg61vj"
1644773292990	Marionette	INFO	Marionette enabled
console.warn: SearchSettings: "get: No settings file exists, new profile?" (new NotFoundError("Could not open the file at C:\\Users\\luchi\\AppData\\Local\\Temp\\rust_mozprofilePg61vj\\search.json.mozlz4", (void 0)))
DevTools listening on ws://localhost:58590/devtools/browser/3d258ae4-0262-4b50-b5d1-e7d2258522fe
1644773297164	Marionette	INFO	Listening on port 58595
1644773297369	RemoteAgent	WARN	TLS certificate errors will be ignored for this session
1644773304707	Marionette	INFO	Stopped listening on port 58595

###!!! [Parent][RunMessage] Error: Channel closing: too late to send/recv, messages will be lost

1644917407850	geckodriver	INFO	Listening on 127.0.0.1:55149
1644917410910	mozrunner::runner	INFO	Running command: "C:\\Program Files\\Mozilla Firefox\\firefox.exe" "--marionette" "--remote-debugging-port" "55150" "-no-remote" "-profile" "C:\\Users\\luchi\\AppData\\Local\\Temp\\rust_mozprofilekhy2Tq"
1644917411738	Marionette	INFO	Marionette enabled
console.warn: SearchSettings: "get: No settings file exists, new profile?" (new NotFoundError("Could not open the file at C:\\Users\\luchi\\AppData\\Local\\Temp\\rust_mozprofilekhy2Tq\\search.json.mozlz4", (void 0)))
DevTools listening on ws://localhost:55150/devtools/browser/0fa61058-ec4b-4dc4-9951-5cdec1a8bfbd
1644917415215	Marionette	INFO	Listening on port 55155
1644917415276	RemoteAgent	WARN	TLS certificate errors will be ignored for this session
1644917430606	Marionette	INFO	Stopped listening on port 55155

###!!! [Parent][MessageChannel] Error: (msgtype=0x3A014F,name=PContent::Reply_DiscardBrowsingContext) Closed channel: cannot send/recv


###!!! [Parent][MessageChannel] Error: (msgtype=0x3A007A,name=PContent::Msg_DestroyBrowsingContextGroup) Closed channel: cannot send/recv


###!!! [Child][RunMessage] Error: Channel closing: too late to send/recv, messages will be lost


###!!! [Child][RunMessage] Error: Channel closing: too late to send/recv, messages will be lost


###!!! [Child][RunMessage] Error: Channel closing: too late to send/recv, messages will be lost


###!!! [Child][RunMessage] Error: Channel closing: too late to send/recv, messages will be lost


###!!! [Child][RunMessage] Error: Channel closing: too late to send/recv, messages will be lost


###!!! [Child][MessageChannel] Error: (msgtype=0x230030,name=PBrowser::Msg___delete__) Channel closing: too late to send/recv, messages will be lost


###!!! [Parent][RunMessage] Error: Channel error: cannot send/recv


###!!! [Parent][RunMessage] Error: Channel error: cannot send/recv


###!!! [Parent][RunMessage] Error: Channel error: cannot send/recv


###!!! [Parent][RunMessage] Error: Channel error: cannot send/recv


###!!! [Parent][RunMessage] Error: Channel error: cannot send/recv


###!!! [Parent][RunMessage] Error: Channel error: cannot send/recv


###!!! [Parent][RunMessage] Error: Channel error: cannot send/recv


###!!! [Parent][RunMessage] Error: Channel error: cannot send/recv


###!!! [Parent][RunMessage] Error: Channel error: cannot send/recv


###!!! [Parent][RunMessage] Error: Channel error: cannot send/recv


###!!! [Parent][RunMessage] Error: Channel error: cannot send/recv


###!!! [Parent][RunMessage] Error: Channel error: cannot send/recv


###!!! [Parent][RunMessage] Error: Channel error: cannot send/recv


###!!! [Parent][RunMessage] Error: Channel error: cannot send/recv


###!!! [Parent][RunMessage] Error: Channel error: cannot send/recv


###!!! [Parent][RunMessage] Error: Channel error: cannot send/recv


###!!! [Parent][RunMessage] Error: Channel error: cannot send/recv


###!!! [Parent][RunMessage] Error: Channel error: cannot send/recv


###!!! [Parent][RunMessage] Error: Channel error: cannot send/recv


###!!! [Parent][RunMessage] Error: Channel error: cannot send/recv


###!!! [Parent][RunMessage] Error: Channel error: cannot send/recv


###!!! [Parent][RunMessage] Error: Channel error: cannot send/recv


###!!! [Parent][RunMessage] Error: Channel error: cannot send/recv


###!!! [Parent][RunMessage] Error: Channel error: cannot send/recv


###!!! [Parent][RunMessage] Error: Channel error: cannot send/recv


###!!! [Parent][RunMessage] Error: Channel error: cannot send/recv


###!!! [Parent][RunMessage] Error: Channel error: cannot send/recv


###!!! [Parent][RunMessage] Error: Channel error: cannot send/recv


###!!! [Parent][RunMessage] Error: Channel error: cannot send/recv


###!!! [Parent][RunMessage] Error: Channel error: cannot send/recv


###!!! [Parent][RunMessage] Error: Channel error: cannot send/recv


###!!! [Parent][RunMessage] Error: Channel error: cannot send/recv


###!!! [Parent][RunMessage] Error: Channel error: cannot send/recv


###!!! [Parent][RunMessage] Error: Channel error: cannot send/recv


###!!! [Parent][RunMessage] Error: Channel error: cannot send/recv


###!!! [Parent][RunMessage] Error: Channel error: cannot send/recv


###!!! [Parent][RunMessage] Error: Channel error: cannot send/recv


###!!! [Parent][RunMessage] Error: Channel error: cannot send/recv


###!!! [Parent][RunMessage] Error: Channel error: cannot send/recv


###!!! [Parent][RunMessage] Error: Channel error: cannot send/recv


###!!! [Parent][RunMessage] Error: Channel error: cannot send/recv


###!!! [Parent][RunMessage] Error: Channel error: cannot send/recv


###!!! [Parent][RunMessage] Error: Channel error: cannot send/recv


###!!! [Parent][RunMessage] Error: Channel error: cannot send/recv


###!!! [Parent][RunMessage] Error: Channel error: cannot send/recv


###!!! [Parent][RunMessage] Error: Channel error: cannot send/recv


###!!! [Parent][RunMessage] Error: Channel error: cannot send/recv


###!!! [Parent][RunMessage] Error: Channel error: cannot send/recv


###!!! [Parent][RunMessage] Error: Channel error: cannot send/recv


###!!! [Parent][RunMessage] Error: Channel error: cannot send/recv


###!!! [Parent][RunMessage] Error: Channel error: cannot send/recv


###!!! [Parent][RunMessage] Error: Channel error: cannot send/recv


###!!! [Parent][RunMessage] Error: Channel error: cannot send/recv


###!!! [Parent][RunMessage] Error: Channel error: cannot send/recv


###!!! [Parent][RunMessage] Error: Channel error: cannot send/recv


###!!! [Parent][RunMessage] Error: Channel error: cannot send/recv


###!!! [Parent][RunMessage] Error: Channel error: cannot send/recv


###!!! [Parent][RunMessage] Error: Channel error: cannot send/recv


###!!! [Parent][RunMessage] Error: Channel error: cannot send/recv


###!!! [Parent][RunMessage] Error: Channel error: cannot send/recv


###!!! [Parent][RunMessage] Error: Channel error: cannot send/recv


###!!! [Parent][RunMessage] Error: Channel error: cannot send/recv


###!!! [Parent][RunMessage] Error: Channel error: cannot send/recv


###!!! [Parent][RunMessage] Error: Channel error: cannot send/recv


###!!! [Parent][RunMessage] Error: Channel error: cannot send/recv


###!!! [Parent][RunMessage] Error: Channel error: cannot send/recv


###!!! [Parent][RunMessage] Error: Channel error: cannot send/recv


###!!! [Parent][RunMessage] Error: Channel error: cannot send/recv


###!!! [Parent][RunMessage] Error: Channel error: cannot send/recv


###!!! [Parent][RunMessage] Error: Channel error: cannot send/recv


###!!! [Parent][RunMessage] Error: Channel error: cannot send/recv


###!!! [Parent][RunMessage] Error: Channel error: cannot send/recv


###!!! [Parent][RunMessage] Error: Channel error: cannot send/recv


###!!! [Parent][RunMessage] Error: Channel error: cannot send/recv


###!!! [Parent][RunMessage] Error: Channel error: cannot send/recv


###!!! [Parent][RunMessage] Error: Channel error: cannot send/recv


###!!! [Parent][RunMessage] Error: Channel error: cannot send/recv


###!!! [Parent][RunMessage] Error: Channel error: cannot send/recv


###!!! [Parent][RunMessage] Error: Channel error: cannot send/recv


###!!! [Parent][RunMessage] Error: Channel error: cannot send/recv


###!!! [Parent][RunMessage] Error: Channel error: cannot send/recv


###!!! [Parent][RunMessage] Error: Channel error: cannot send/recv


###!!! [Parent][RunMessage] Error: Channel error: cannot send/recv


###!!! [Parent][RunMessage] Error: Channel error: cannot send/recv


###!!! [Parent][RunMessage] Error: Channel error: cannot send/recv


###!!! [Parent][RunMessage] Error: Channel error: cannot send/recv


###!!! [Parent][RunMessage] Error: Channel error: cannot send/recv


###!!! [Parent][RunMessage] Error: Channel error: cannot send/recv


###!!! [Parent][RunMessage] Error: Channel error: cannot send/recv


###!!! [Parent][RunMessage] Error: Channel error: cannot send/recv


###!!! [Parent][RunMessage] Error: Channel error: cannot send/recv


###!!! [Parent][RunMessage] Error: Channel error: cannot send/recv


###!!! [Parent][RunMessage] Error: Channel error: cannot send/recv


###!!! [Parent][RunMessage] Error: Channel error: cannot send/recv


###!!! [Parent][RunMessage] Error: Channel error: cannot send/recv


###!!! [Parent][RunMessage] Error: Channel error: cannot send/recv


###!!! [Parent][RunMessage] Error: Channel error: cannot send/recv


###!!! [Parent][RunMessage] Error: Channel error: cannot send/recv


###!!! [Parent][RunMessage] Error: Channel error: cannot send/recv


###!!! [Parent][RunMessage] Error: Channel error: cannot send/recv


###!!! [Parent][RunMessage] Error: Channel error: cannot send/recv


###!!! [Parent][RunMessage] Error: Channel error: cannot send/recv


###!!! [Parent][RunMessage] Error: Channel error: cannot send/recv


###!!! [Parent][RunMessage] Error: Channel error: cannot send/recv


###!!! [Parent][RunMessage] Error: Channel error: cannot send/recv


###!!! [Parent][RunMessage] Error: Channel error: cannot send/recv


###!!! [Parent][RunMessage] Error: Channel error: cannot send/recv


###!!! [Parent][RunMessage] Error: Channel error: cannot send/recv


###!!! [Parent][RunMessage] Error: Channel error: cannot send/recv


###!!! [Parent][RunMessage] Error: Channel error: cannot send/recv


###!!! [Parent][RunMessage] Error: Channel error: cannot send/recv


###!!! [Parent][RunMessage] Error: Channel error: cannot send/recv


###!!! [Parent][RunMessage] Error: Channel error: cannot send/recv


###!!! [Parent][RunMessage] Error: Channel error: cannot send/recv


###!!! [Parent][RunMessage] Error: Channel error: cannot send/recv


###!!! [Parent][RunMessage] Error: Channel error: cannot send/recv


###!!! [Parent][RunMessage] Error: Channel error: cannot send/recv


###!!! [Parent][RunMessage] Error: Channel error: cannot send/recv


###!!! [Parent][RunMessage] Error: Channel error: cannot send/recv


###!!! [Parent][RunMessage] Error: Channel error: cannot send/recv


###!!! [Parent][RunMessage] Error: Channel error: cannot send/recv


###!!! [Parent][RunMessage] Error: Channel error: cannot send/recv


###!!! [Parent][RunMessage] Error: Channel error: cannot send/recv


###!!! [Parent][RunMessage] Error: Channel error: cannot send/recv


###!!! [Parent][RunMessage] Error: Channel error: cannot send/recv


###!!! [Parent][RunMessage] Error: Channel error: cannot send/recv


###!!! [Parent][RunMessage] Error: Channel error: cannot send/recv


###!!! [Parent][RunMessage] Error: Channel error: cannot send/recv


###!!! [Parent][RunMessage] Error: Channel error: cannot send/recv


###!!! [Parent][RunMessage] Error: Channel error: cannot send/recv


###!!! [Parent][RunMessage] Error: Channel error: cannot send/recv


###!!! [Parent][RunMessage] Error: Channel error: cannot send/recv


###!!! [Parent][RunMessage] Error: Channel error: cannot send/recv


###!!! [Parent][RunMessage] Error: Channel error: cannot send/recv


###!!! [Parent][RunMessage] Error: Channel error: cannot send/recv


###!!! [Parent][RunMessage] Error: Channel error: cannot send/recv


###!!! [Parent][RunMessage] Error: Channel error: cannot send/recv


###!!! [Parent][RunMessage] Error: Channel error: cannot send/recv


###!!! [Parent][RunMessage] Error: Channel error: cannot send/recv


###!!! [Parent][RunMessage] Error: Channel error: cannot send/recv


###!!! [Parent][RunMessage] Error: Channel error: cannot send/recv


###!!! [Parent][RunMessage] Error: Channel error: cannot send/recv


###!!! [Parent][RunMessage] Error: Channel error: cannot send/recv


###!!! [Parent][RunMessage] Error: Channel error: cannot send/recv


###!!! [Parent][RunMessage] Error: Channel error: cannot send/recv


###!!! [Parent][RunMessage] Error: Channel error: cannot send/recv


###!!! [Parent][RunMessage] Error: Channel error: cannot send/recv


###!!! [Parent][RunMessage] Error: Channel error: cannot send/recv


###!!! [Parent][RunMessage] Error: Channel error: cannot send/recv


###!!! [Parent][RunMessage] Error: Channel error: cannot send/recv


###!!! [Parent][RunMessage] Error: Channel error: cannot send/recv


###!!! [Parent][RunMessage] Error: Channel error: cannot send/recv


###!!! [Parent][RunMessage] Error: Channel error: cannot send/recv


###!!! [Parent][RunMessage] Error: Channel error: cannot send/recv


###!!! [Parent][RunMessage] Error: Channel error: cannot send/recv


###!!! [Parent][RunMessage] Error: Channel error: cannot send/recv


###!!! [Parent][RunMessage] Error: Channel error: cannot send/recv


###!!! [Parent][RunMessage] Error: Channel error: cannot send/recv


###!!! [Parent][RunMessage] Error: Channel error: cannot send/recv


###!!! [Parent][RunMessage] Error: Channel error: cannot send/recv


###!!! [Parent][RunMessage] Error: Channel error: cannot send/recv


###!!! [Parent][RunMessage] Error: Channel error: cannot send/recv


###!!! [Parent][RunMessage] Error: Channel error: cannot send/recv


###!!! [Parent][RunMessage] Error: Channel error: cannot send/recv


###!!! [Parent][RunMessage] Error: Channel error: cannot send/recv


###!!! [Parent][RunMessage] Error: Channel error: cannot send/recv


###!!! [Parent][RunMessage] Error: Channel error: cannot send/recv


###!!! [Parent][RunMessage] Error: Channel error: cannot send/recv


###!!! [Parent][RunMessage] Error: Channel error: cannot send/recv


###!!! [Parent][RunMessage] Error: Channel error: cannot send/recv


###!!! [Parent][RunMessage] Error: Channel error: cannot send/recv


###!!! [Parent][RunMessage] Error: Channel error: cannot send/recv


###!!! [Parent][RunMessage] Error: Channel error: cannot send/recv


###!!! [Parent][RunMessage] Error: Channel error: cannot send/recv


###!!! [Parent][RunMessage] Error: Channel error: cannot send/recv


###!!! [Parent][RunMessage] Error: Channel error: cannot send/recv


###!!! [Parent][RunMessage] Error: Channel error: cannot send/recv


###!!! [Parent][RunMessage] Error: Channel error: cannot send/recv


###!!! [Parent][RunMessage] Error: Channel error: cannot send/recv


###!!! [Parent][RunMessage] Error: Channel error: cannot send/recv


###!!! [Parent][RunMessage] Error: Channel error: cannot send/recv


###!!! [Parent][RunMessage] Error: Channel error: cannot send/recv


###!!! [Parent][RunMessage] Error: Channel error: cannot send/recv


###!!! [Parent][RunMessage] Error: Channel error: cannot send/recv


###!!! [Parent][RunMessage] Error: Channel closing: too late to send/recv, messages will be lost

1644927117903	geckodriver	INFO	Listening on 127.0.0.1:51524
1644927120977	mozrunner::runner	INFO	Running command: "C:\\Program Files\\Mozilla Firefox\\firefox.exe" "--marionette" "--remote-debugging-port" "51525" "-no-remote" "-profile" "C:\\Users\\luchi\\AppData\\Local\\Temp\\rust_mozprofileQGRZSe"
1644927122037	Marionette	INFO	Marionette enabled
console.warn: SearchSettings: "get: No settings file exists, new profile?" (new NotFoundError("Could not open the file at C:\\Users\\luchi\\AppData\\Local\\Temp\\rust_mozprofileQGRZSe\\search.json.mozlz4", (void 0)))
DevTools listening on ws://localhost:51525/devtools/browser/be671d95-7493-4110-a1eb-1b547b24cc51
1644927127206	Marionette	INFO	Listening on port 51531
1644927127374	RemoteAgent	WARN	TLS certificate errors will be ignored for this session
1644927132661	Marionette	INFO	Stopped listening on port 51531
[Parent 18840, IPC I/O Parent] WARNING: file /builds/worker/checkouts/gecko/ipc/chromium/src/base/process_util_win.cc:167

###!!! [Parent][RunMessage] Error: Channel error: cannot send/recv


###!!! [Parent][RunMessage] Error: Channel error: cannot send/recv


###!!! [Parent][RunMessage] Error: Channel error: cannot send/recv


###!!! [Parent][RunMessage] Error: Channel error: cannot send/recv


###!!! [Parent][RunMessage] Error: Channel error: cannot send/recv


###!!! [Parent][RunMessage] Error: Channel error: cannot send/recv


###!!! [Parent][RunMessage] Error: Channel error: cannot send/recv


###!!! [Parent][RunMessage] Error: Channel error: cannot send/recv


###!!! [Parent][RunMessage] Error: Channel error: cannot send/recv


###!!! [Parent][RunMessage] Error: Channel error: cannot send/recv


###!!! [Parent][RunMessage] Error: Channel error: cannot send/recv


###!!! [Parent][RunMessage] Error: Channel error: cannot send/recv


###!!! [Parent][RunMessage] Error: Channel error: cannot send/recv


###!!! [Parent][RunMessage] Error: Channel error: cannot send/recv


###!!! [Parent][RunMessage] Error: Channel error: cannot send/recv


###!!! [Parent][RunMessage] Error: Channel error: cannot send/recv


###!!! [Parent][RunMessage] Error: Channel error: cannot send/recv


###!!! [Parent][RunMessage] Error: Channel error: cannot send/recv


###!!! [Parent][RunMessage] Error: Channel error: cannot send/recv


###!!! [Parent][RunMessage] Error: Channel error: cannot send/recv


###!!! [Parent][RunMessage] Error: Channel error: cannot send/recv


###!!! [Parent][RunMessage] Error: Channel error: cannot send/recv


###!!! [Parent][RunMessage] Error: Channel error: cannot send/recv


###!!! [Parent][RunMessage] Error: Channel error: cannot send/recv


###!!! [Parent][RunMessage] Error: Channel error: cannot send/recv


###!!! [Parent][RunMessage] Error: Channel error: cannot send/recv


###!!! [Parent][RunMessage] Error: Channel error: cannot send/recv


###!!! [Parent][RunMessage] Error: Channel error: cannot send/recv


###!!! [Parent][RunMessage] Error: Channel error: cannot send/recv


###!!! [Parent][RunMessage] Error: Channel error: cannot send/recv


###!!! [Parent][RunMessage] Error: Channel error: cannot send/recv


###!!! [Parent][RunMessage] Error: Channel error: cannot send/recv


###!!! [Parent][RunMessage] Error: Channel error: cannot send/recv


###!!! [Parent][RunMessage] Error: Channel error: cannot send/recv


###!!! [Parent][RunMessage] Error: Channel error: cannot send/recv


###!!! [Parent][RunMessage] Error: Channel error: cannot send/recv


###!!! [Parent][RunMessage] Error: Channel error: cannot send/recv


###!!! [Parent][RunMessage] Error: Channel closing: too late to send/recv, messages will be lost

1644928228138	geckodriver	INFO	Listening on 127.0.0.1:63181
1644928231211	mozrunner::runner	INFO	Running command: "C:\\Program Files\\Mozilla Firefox\\firefox.exe" "--marionette" "--remote-debugging-port" "63182" "-no-remote" "-profile" "C:\\Users\\luchi\\AppData\\Local\\Temp\\rust_mozprofilewJeQJu"
1644928232401	Marionette	INFO	Marionette enabled
console.warn: SearchSettings: "get: No settings file exists, new profile?" (new NotFoundError("Could not open the file at C:\\Users\\luchi\\AppData\\Local\\Temp\\rust_mozprofilewJeQJu\\search.json.mozlz4", (void 0)))
DevTools listening on ws://localhost:63182/devtools/browser/8a7300ff-8c3b-4fce-aa8b-fcac54c696b9
1644928237293	Marionette	INFO	Listening on port 63188
1644928237599	RemoteAgent	WARN	TLS certificate errors will be ignored for this session
1644928244726	Marionette	INFO	Stopped listening on port 63188

###!!! [Parent][RunMessage] Error: Channel error: cannot send/recv


###!!! [Parent][RunMessage] Error: Channel error: cannot send/recv


###!!! [Parent][RunMessage] Error: Channel error: cannot send/recv


###!!! [Parent][RunMessage] Error: Channel error: cannot send/recv


###!!! [Parent][RunMessage] Error: Channel error: cannot send/recv


###!!! [Parent][RunMessage] Error: Channel error: cannot send/recv


###!!! [Parent][RunMessage] Error: Channel error: cannot send/recv


###!!! [Parent][RunMessage] Error: Channel error: cannot send/recv


###!!! [Parent][RunMessage] Error: Channel error: cannot send/recv


###!!! [Parent][RunMessage] Error: Channel error: cannot send/recv


###!!! [Parent][RunMessage] Error: Channel error: cannot send/recv


###!!! [Parent][RunMessage] Error: Channel error: cannot send/recv


###!!! [Parent][RunMessage] Error: Channel error: cannot send/recv


###!!! [Parent][RunMessage] Error: Channel error: cannot send/recv


###!!! [Parent][RunMessage] Error: Channel error: cannot send/recv


###!!! [Parent][RunMessage] Error: Channel error: cannot send/recv


###!!! [Parent][RunMessage] Error: Channel error: cannot send/recv


###!!! [Parent][RunMessage] Error: Channel error: cannot send/recv


###!!! [Parent][RunMessage] Error: Channel error: cannot send/recv


###!!! [Parent][RunMessage] Error: Channel error: cannot send/recv


###!!! [Parent][RunMessage] Error: Channel error: cannot send/recv


###!!! [Parent][RunMessage] Error: Channel error: cannot send/recv


###!!! [Parent][RunMessage] Error: Channel error: cannot send/recv


###!!! [Parent][RunMessage] Error: Channel error: cannot send/recv


###!!! [Parent][RunMessage] Error: Channel error: cannot send/recv


###!!! [Parent][RunMessage] Error: Channel error: cannot send/recv


###!!! [Parent][RunMessage] Error: Channel error: cannot send/recv


###!!! [Parent][RunMessage] Error: Channel error: cannot send/recv


###!!! [Parent][RunMessage] Error: Channel error: cannot send/recv


###!!! [Parent][RunMessage] Error: Channel error: cannot send/recv


###!!! [Parent][RunMessage] Error: Channel error: cannot send/recv


###!!! [Parent][RunMessage] Error: Channel error: cannot send/recv


###!!! [Parent][RunMessage] Error: Channel error: cannot send/recv


###!!! [Parent][RunMessage] Error: Channel error: cannot send/recv


###!!! [Parent][RunMessage] Error: Channel error: cannot send/recv


###!!! [Parent][RunMessage] Error: Channel error: cannot send/recv


###!!! [Parent][RunMessage] Error: Channel error: cannot send/recv


###!!! [Parent][RunMessage] Error: Channel error: cannot send/recv


###!!! [Parent][RunMessage] Error: Channel error: cannot send/recv


###!!! [Parent][RunMessage] Error: Channel error: cannot send/recv


###!!! [Parent][RunMessage] Error: Channel error: cannot send/recv


###!!! [Parent][RunMessage] Error: Channel error: cannot send/recv


###!!! [Parent][RunMessage] Error: Channel error: cannot send/recv


###!!! [Parent][RunMessage] Error: Channel closing: too late to send/recv, messages will be lost

1645381717181	geckodriver	INFO	Listening on 127.0.0.1:58821
1645381720263	mozrunner::runner	INFO	Running command: "C:\\Program Files\\Mozilla Firefox\\firefox.exe" "--marionette" "--remote-debugging-port" "58822" "-no-remote" "-profile" "C:\\Users\\luchi\\AppData\\Local\\Temp\\rust_mozprofileegyP14"
1645381721503	Marionette	INFO	Marionette enabled
console.warn: SearchSettings: "get: No settings file exists, new profile?" (new NotFoundError("Could not open the file at C:\\Users\\luchi\\AppData\\Local\\Temp\\rust_mozprofileegyP14\\search.json.mozlz4", (void 0)))
DevTools listening on ws://localhost:58822/devtools/browser/e2999e4e-4e2f-4153-a589-4f9764187321
1645381725911	Marionette	INFO	Listening on port 58827
1645381726187	RemoteAgent	WARN	TLS certificate errors will be ignored for this session
1645381730415	Marionette	INFO	Stopped listening on port 58827

###!!! [Parent][RunMessage] Error: Channel closing: too late to send/recv, messages will be lost

1645458094107	geckodriver	INFO	Listening on 127.0.0.1:63627
1645458097187	mozrunner::runner	INFO	Running command: "C:\\Program Files\\Mozilla Firefox\\firefox.exe" "--marionette" "--remote-debugging-port" "63628" "-no-remote" "-profile" "C:\\Users\\luchi\\AppData\\Local\\Temp\\rust_mozprofile4oizet"
1645458098293	Marionette	INFO	Marionette enabled
console.warn: SearchSettings: "get: No settings file exists, new profile?" (new NotFoundError("Could not open the file at C:\\Users\\luchi\\AppData\\Local\\Temp\\rust_mozprofile4oizet\\search.json.mozlz4", (void 0)))
DevTools listening on ws://localhost:63628/devtools/browser/23f900a4-916c-4742-9166-2695d5908003
1645458102677	Marionette	INFO	Listening on port 63635
1645458103116	RemoteAgent	WARN	TLS certificate errors will be ignored for this session
1645458107466	Marionette	INFO	Stopped listening on port 63635

###!!! [Parent][RunMessage] Error: Channel closing: too late to send/recv, messages will be lost

1645512259207	geckodriver	INFO	Listening on 127.0.0.1:60105
1645512262264	mozrunner::runner	INFO	Running command: "C:\\Program Files\\Mozilla Firefox\\firefox.exe" "--marionette" "--remote-debugging-port" "60106" "-no-remote" "-profile" "C:\\Users\\luchi\\AppData\\Local\\Temp\\rust_mozprofileAdwnRk"
1645512263056	Marionette	INFO	Marionette enabled
console.warn: SearchSettings: "get: No settings file exists, new profile?" (new NotFoundError("Could not open the file at C:\\Users\\luchi\\AppData\\Local\\Temp\\rust_mozprofileAdwnRk\\search.json.mozlz4", (void 0)))
DevTools listening on ws://localhost:60106/devtools/browser/da7cd81d-d6c0-4ec5-a47f-4c6e4c7445de
1645512266602	Marionette	INFO	Listening on port 60111
1645512267115	RemoteAgent	WARN	TLS certificate errors will be ignored for this session
1645512271301	Marionette	INFO	Stopped listening on port 60111

###!!! [Parent][RunMessage] Error: Channel closing: too late to send/recv, messages will be lost

